<?xml version="1.0" encoding="UTF-8"?>
<testng-results skipped="0" failed="0" ignored="0" total="1" passed="1">
  <reporter-output>
  </reporter-output>
  <suite name="Surefire suite" duration-ms="19417" started-at="2022-08-08T12:32:41Z" finished-at="2022-08-08T12:33:00Z">
    <groups>
      <group name="cucumber">
        <method signature="AbstractTestNGCucumberTests.feature(cucumber.api.testng.CucumberFeatureWrapper)[pri:0, instance:testrunners.AdminLoginTest@59fa1d9b]" name="feature" class="cucumber.api.testng.AbstractTestNGCucumberTests"/>
      </group> <!-- cucumber -->
    </groups>
    <test name="Surefire test" duration-ms="19417" started-at="2022-08-08T12:32:41Z" finished-at="2022-08-08T12:33:00Z">
      <class name="testrunners.AdminLoginTest">
        <test-method status="PASS" signature="setUpClass()[pri:0, instance:testrunners.AdminLoginTest@59fa1d9b]" name="setUpClass" is-config="true" duration-ms="202" started-at="2022-08-08T12:32:41Z" finished-at="2022-08-08T12:32:41Z">
          <reporter-output>
          </reporter-output>
        </test-method> <!-- setUpClass -->
        <test-method status="PASS" signature="feature(cucumber.api.testng.CucumberFeatureWrapper)[pri:0, instance:testrunners.AdminLoginTest@59fa1d9b]" name="feature" duration-ms="18114" started-at="2022-08-08T12:32:41Z" description="Runs Cucumber Feature" data-provider="features" finished-at="2022-08-08T12:32:59Z">
          <params>
            <param index="0">
              <value>
                <![CDATA[Admin Login]]>
              </value>
            </param>
          </params>
          <reporter-output>
          </reporter-output>
        </test-method> <!-- feature -->
        <test-method status="PASS" signature="tearDownClass()[pri:0, instance:testrunners.AdminLoginTest@59fa1d9b]" name="tearDownClass" is-config="true" duration-ms="1016" started-at="2022-08-08T12:32:59Z" finished-at="2022-08-08T12:33:00Z">
          <reporter-output>
          </reporter-output>
        </test-method> <!-- tearDownClass -->
      </class> <!-- testrunners.AdminLoginTest -->
    </test> <!-- Surefire test -->
  </suite> <!-- Surefire suite -->
</testng-results>
