<?xml version="1.0" encoding="UTF-8"?>
<testng-results skipped="0" failed="0" total="2" passed="2">
  <reporter-output>
  </reporter-output>
  <suite name="OrangeHRM Test Suite" duration-ms="29249" started-at="2022-08-08T02:56:19Z" finished-at="2022-08-08T02:56:48Z">
    <groups>
      <group name="cucumber">
        <method signature="AbstractTestNGCucumberTests.feature(cucumber.api.testng.CucumberFeatureWrapper)[pri:0, instance:testrunners.AdminLoginTest@146ba0ac]" name="feature" class="cucumber.api.testng.AbstractTestNGCucumberTests"/>
        <method signature="AbstractTestNGCucumberTests.feature(cucumber.api.testng.CucumberFeatureWrapper)[pri:0, instance:testrunners.EmployeeRegTest@4bec1f0c]" name="feature" class="cucumber.api.testng.AbstractTestNGCucumberTests"/>
      </group> <!-- cucumber -->
    </groups>
    <test name="Admin Login Test" duration-ms="19915" started-at="2022-08-08T02:56:19Z" finished-at="2022-08-08T02:56:39Z">
      <class name="testrunners.AdminLoginTest">
        <test-method status="PASS" signature="setUpClass()[pri:0, instance:testrunners.AdminLoginTest@146ba0ac]" name="setUpClass" is-config="true" duration-ms="208" started-at="2022-08-08T08:26:19Z" finished-at="2022-08-08T08:26:19Z">
          <reporter-output>
          </reporter-output>
        </test-method> <!-- setUpClass -->
        <test-method status="PASS" signature="feature(cucumber.api.testng.CucumberFeatureWrapper)[pri:0, instance:testrunners.AdminLoginTest@146ba0ac]" name="feature" duration-ms="19320" started-at="2022-08-08T08:26:19Z" description="Runs Cucumber Feature" data-provider="features" finished-at="2022-08-08T08:26:38Z">
          <params>
            <param index="0">
              <value>
                <![CDATA[Admin Login]]>
              </value>
            </param>
          </params>
          <reporter-output>
          </reporter-output>
        </test-method> <!-- feature -->
        <test-method status="PASS" signature="tearDownClass()[pri:0, instance:testrunners.AdminLoginTest@146ba0ac]" name="tearDownClass" is-config="true" duration-ms="311" started-at="2022-08-08T08:26:38Z" finished-at="2022-08-08T08:26:39Z">
          <reporter-output>
          </reporter-output>
        </test-method> <!-- tearDownClass -->
      </class> <!-- testrunners.AdminLoginTest -->
    </test> <!-- Admin Login Test -->
    <test name="Employee Registration Test" duration-ms="9315" started-at="2022-08-08T02:56:39Z" finished-at="2022-08-08T02:56:48Z">
      <class name="testrunners.EmployeeRegTest">
        <test-method status="PASS" signature="setUpClass()[pri:0, instance:testrunners.EmployeeRegTest@4bec1f0c]" name="setUpClass" is-config="true" duration-ms="16" started-at="2022-08-08T08:26:39Z" finished-at="2022-08-08T08:26:39Z">
          <reporter-output>
          </reporter-output>
        </test-method> <!-- setUpClass -->
        <test-method status="PASS" signature="feature(cucumber.api.testng.CucumberFeatureWrapper)[pri:0, instance:testrunners.EmployeeRegTest@4bec1f0c]" name="feature" duration-ms="9212" started-at="2022-08-08T08:26:39Z" description="Runs Cucumber Feature" data-provider="features" finished-at="2022-08-08T08:26:48Z">
          <params>
            <param index="0">
              <value>
                <![CDATA[Employee Registration]]>
              </value>
            </param>
          </params>
          <reporter-output>
          </reporter-output>
        </test-method> <!-- feature -->
        <test-method status="PASS" signature="tearDownClass()[pri:0, instance:testrunners.EmployeeRegTest@4bec1f0c]" name="tearDownClass" is-config="true" duration-ms="82" started-at="2022-08-08T08:26:48Z" finished-at="2022-08-08T08:26:48Z">
          <reporter-output>
          </reporter-output>
        </test-method> <!-- tearDownClass -->
      </class> <!-- testrunners.EmployeeRegTest -->
    </test> <!-- Employee Registration Test -->
  </suite> <!-- OrangeHRM Test Suite -->
</testng-results>
